<?xml version="1.0" encoding="UTF-8"?>
<testng-results skipped="0" failed="0" ignored="0" total="1" passed="1">
  <reporter-output>
  </reporter-output>
  <suite name="Default suite" duration-ms="1883" started-at="2018-05-23T11:30:17Z" finished-at="2018-05-23T11:30:19Z">
    <groups>
    </groups>
    <test name="Default test" duration-ms="1883" started-at="2018-05-23T11:30:17Z" finished-at="2018-05-23T11:30:19Z">
      <class name="com.qa.tests.PostApiTest">
        <test-method status="PASS" signature="setup()[pri:0, instance:com.qa.tests.PostApiTest@cb5822]" name="setup" is-config="true" duration-ms="6" started-at="2018-05-23T11:30:17Z" finished-at="2018-05-23T11:30:17Z">
          <reporter-output>
          </reporter-output>
        </test-method> <!-- setup -->
        <test-method status="PASS" signature="postAPITest()[pri:0, instance:com.qa.tests.PostApiTest@cb5822]" name="postAPITest" duration-ms="1858" started-at="2018-05-23T11:30:17Z" finished-at="2018-05-23T11:30:19Z">
          <reporter-output>
          </reporter-output>
        </test-method> <!-- postAPITest -->
      </class> <!-- com.qa.tests.PostApiTest -->
    </test> <!-- Default test -->
  </suite> <!-- Default suite -->
</testng-results>
